<?xml version="1.0" encoding="UTF-8"?>
<testsuite xmlns:xsi="http://www.w3.org/2001/XMLSchema-instance" xsi:noNamespaceSchemaLocation="https://maven.apache.org/surefire/maven-surefire-plugin/xsd/surefire-test-report-3.0.xsd" version="3.0" name="com.example.generateurformulaire.GenerateurForlulaireApplicationTests" time="10.711" tests="1" errors="0" skipped="0" failures="0">
  <properties>
[...]
</properties>
  <testcase name="contextLoads" classname="com.example.generateurformulaire.GenerateurForlulaireApplicationTests" time="0.528">
    <system-out><![CDATA[Standard Commons Logging discovery in action with spring-jcl: please remove commons-logging.jar from classpath in order to avoid potential conflicts
13:44:56.236 [main] INFO org.springframework.test.context.support.AnnotationConfigContextLoaderUtils -- Could not detect default configuration classes for test class [com.example.generateurformulaire.GenerateurForlulaireApplicationTests]: GenerateurForlulaireApplicationTests does not declare any static, non-private, non-final, nested classes annotated with @Configuration.
13:44:56.355 [main] INFO org.springframework.boot.test.context.SpringBootTestContextBootstrapper -- Found @SpringBootConfiguration com.example.generateurformulaire.GenerateurForlulaireApplication for test class com.example.generateurformulaire.GenerateurForlulaireApplicationTests

  .   ____          _            __ _ _
 /\\ / ___'_ __ _ _(_)_ __  __ _ \ \ \ \
( ( )\___ | '_ | '_| | '_ \/ _` | \ \ \ \
 \\/  ___)| |_)| | | | | || (_| |  ) ) ) )
  '  |____| .__|_| |_|_| |_\__, | / / / /
 =========|_|==============|___/=/_/_/_/
 :: Spring Boot ::                (v3.2.5)

2024-11-28 13:44:56 - WARN - o.s.b.t.j.DuplicateJsonObjectContextCustomizerFactory$DuplicateJsonObjectContextCustomizer - 2024-11-28 13:44:56,939 - 

Found multiple occurrences of org.json.JSONObject on the class path:

	jar:file:/C:/Users/MSI/.m2/repository/org/json/json/20231013/json-20231013.jar!/org/json/JSONObject.class
	jar:file:/C:/Users/MSI/.m2/repository/com/vaadin/external/google/android-json/0.0.20131108.vaadin1/android-json-0.0.20131108.vaadin1.jar!/org/json/JSONObject.class

You may wish to exclude one of them to ensure predictable runtime behavior
 
2024-11-28 13:44:56 - INFO - c.e.g.GenerateurForlulaireApplicationTests - 2024-11-28 13:44:56,977 - Starting GenerateurForlulaireApplicationTests using Java 17.0.10 with PID 15780 (started by MSI in C:\Users\MSI\Desktop\projet\GenerateurForlulaire) 
2024-11-28 13:44:56 - DEBUG - c.e.g.GenerateurForlulaireApplicationTests - 2024-11-28 13:44:56,977 - Running with Spring Boot v3.2.5, Spring v6.1.6 
2024-11-28 13:44:56 - INFO - c.e.g.GenerateurForlulaireApplicationTests - 2024-11-28 13:44:56,977 - No active profile set, falling back to 1 default profile: "default" 
2024-11-28 13:44:58 - INFO - o.s.data.repository.config.RepositoryConfigurationDelegate - 2024-11-28 13:44:58,853 - Multiple Spring Data modules found, entering strict repository configuration mode 
2024-11-28 13:44:58 - INFO - o.s.data.repository.config.RepositoryConfigurationDelegate - 2024-11-28 13:44:58,855 - Bootstrapping Spring Data JDBC repositories in DEFAULT mode. 
2024-11-28 13:44:58 - INFO - o.s.d.r.config.RepositoryConfigurationExtensionSupport - 2024-11-28 13:44:58,926 - Spring Data JDBC - Could not safely identify store assignment for repository candidate interface com.example.generateurformulaire.AppUser.UserRepository; If you want this repository to be a JDBC repository, consider annotating your entities with one of these annotations: org.springframework.data.relational.core.mapping.Table. 
2024-11-28 13:44:58 - INFO - o.s.d.r.config.RepositoryConfigurationExtensionSupport - 2024-11-28 13:44:58,928 - Spring Data JDBC - Could not safely identify store assignment for repository candidate interface com.example.generateurformulaire.auth.Repositories.JwtRefreshTokenRepository; If you want this repository to be a JDBC repository, consider annotating your entities with one of these annotations: org.springframework.data.relational.core.mapping.Table. 
2024-11-28 13:44:58 - INFO - o.s.d.r.config.RepositoryConfigurationExtensionSupport - 2024-11-28 13:44:58,929 - Spring Data JDBC - Could not safely identify store assignment for repository candidate interface com.example.generateurformulaire.auth.Repositories.PasswordResetTokenRepository; If you want this repository to be a JDBC repository, consider annotating your entities with one of these annotations: org.springframework.data.relational.core.mapping.Table. 
2024-11-28 13:44:58 - INFO - o.s.d.r.config.RepositoryConfigurationExtensionSupport - 2024-11-28 13:44:58,930 - Spring Data JDBC - Could not safely identify store assignment for repository candidate interface com.example.generateurformulaire.repository.AnswerRepository; If you want this repository to be a JDBC repository, consider annotating your entities with one of these annotations: org.springframework.data.relational.core.mapping.Table. 
2024-11-28 13:44:58 - INFO - o.s.d.r.config.RepositoryConfigurationExtensionSupport - 2024-11-28 13:44:58,931 - Spring Data JDBC - Could not safely identify store assignment for repository candidate interface com.example.generateurformulaire.repository.CommentRepository; If you want this repository to be a JDBC repository, consider annotating your entities with one of these annotations: org.springframework.data.relational.core.mapping.Table. 
2024-11-28 13:44:58 - INFO - o.s.d.r.config.RepositoryConfigurationExtensionSupport - 2024-11-28 13:44:58,932 - Spring Data JDBC - Could not safely identify store assignment for repository candidate interface com.example.generateurformulaire.repository.ConfigRepository; If you want this repository to be a JDBC repository, consider annotating your entities with one of these annotations: org.springframework.data.relational.core.mapping.Table. 
2024-11-28 13:44:58 - INFO - o.s.d.r.config.RepositoryConfigurationExtensionSupport - 2024-11-28 13:44:58,934 - Spring Data JDBC - Could not safely identify store assignment for repository candidate interface com.example.generateurformulaire.repository.FormRepository; If you want this repository to be a JDBC repository, consider annotating your entities with one of these annotations: org.springframework.data.relational.core.mapping.Table. 
2024-11-28 13:44:58 - INFO - o.s.d.r.config.RepositoryConfigurationExtensionSupport - 2024-11-28 13:44:58,935 - Spring Data JDBC - Could not safely identify store assignment for repository candidate interface com.example.generateurformulaire.repository.InputRepository; If you want this repository to be a JDBC repository, consider annotating your entities with one of these annotations: org.springframework.data.relational.core.mapping.Table. 
2024-11-28 13:44:58 - INFO - o.s.d.r.config.RepositoryConfigurationExtensionSupport - 2024-11-28 13:44:58,936 - Spring Data JDBC - Could not safely identify store assignment for repository candidate interface com.example.generateurformulaire.repository.LikeDislikeRepository; If you want this repository to be a JDBC repository, consider annotating your entities with one of these annotations: org.springframework.data.relational.core.mapping.Table. 
2024-11-28 13:44:58 - INFO - o.s.d.r.config.RepositoryConfigurationExtensionSupport - 2024-11-28 13:44:58,938 - Spring Data JDBC - Could not safely identify store assignment for repository candidate interface com.example.generateurformulaire.repository.MediaRepository; If you want this repository to be a JDBC repository, consider annotating your entities with one of these annotations: org.springframework.data.relational.core.mapping.Table. 
2024-11-28 13:44:58 - INFO - o.s.d.r.config.RepositoryConfigurationExtensionSupport - 2024-11-28 13:44:58,939 - Spring Data JDBC - Could not safely identify store assignment for repository candidate interface com.example.generateurformulaire.repository.OptionsRepository; If you want this repository to be a JDBC repository, consider annotating your entities with one of these annotations: org.springframework.data.relational.core.mapping.Table. 
2024-11-28 13:44:58 - INFO - o.s.d.r.config.RepositoryConfigurationExtensionSupport - 2024-11-28 13:44:58,940 - Spring Data JDBC - Could not safely identify store assignment for repository candidate interface com.example.generateurformulaire.repository.QuestionRepository; If you want this repository to be a JDBC repository, consider annotating your entities with one of these annotations: org.springframework.data.relational.core.mapping.Table. 
2024-11-28 13:44:58 - INFO - o.s.d.r.config.RepositoryConfigurationExtensionSupport - 2024-11-28 13:44:58,942 - Spring Data JDBC - Could not safely identify store assignment for repository candidate interface com.example.generateurformulaire.repository.StepRepository; If you want this repository to be a JDBC repository, consider annotating your entities with one of these annotations: org.springframework.data.relational.core.mapping.Table. 
2024-11-28 13:44:58 - INFO - o.s.d.r.config.RepositoryConfigurationExtensionSupport - 2024-11-28 13:44:58,944 - Spring Data JDBC - Could not safely identify store assignment for repository candidate interface com.example.generateurformulaire.repository.SubmissionRepository; If you want this repository to be a JDBC repository, consider annotating your entities with one of these annotations: org.springframework.data.relational.core.mapping.Table. 
2024-11-28 13:44:58 - INFO - o.s.data.repository.config.RepositoryConfigurationDelegate - 2024-11-28 13:44:58,945 - Finished Spring Data repository scanning in 77 ms. Found 0 JDBC repository interfaces. 
2024-11-28 13:44:58 - INFO - o.s.data.repository.config.RepositoryConfigurationDelegate - 2024-11-28 13:44:58,959 - Multiple Spring Data modules found, entering strict repository configuration mode 
2024-11-28 13:44:58 - INFO - o.s.data.repository.config.RepositoryConfigurationDelegate - 2024-11-28 13:44:58,960 - Bootstrapping Spring Data JPA repositories in DEFAULT mode. 
2024-11-28 13:44:59 - INFO - o.s.data.repository.config.RepositoryConfigurationDelegate - 2024-11-28 13:44:59,053 - Finished Spring Data repository scanning in 87 ms. Found 14 JPA repository interfaces. 
2024-11-28 13:44:59 - INFO - o.s.data.repository.config.RepositoryConfigurationDelegate - 2024-11-28 13:44:59,071 - Multiple Spring Data modules found, entering strict repository configuration mode 
2024-11-28 13:44:59 - INFO - o.s.data.repository.config.RepositoryConfigurationDelegate - 2024-11-28 13:44:59,072 - Bootstrapping Spring Data Redis repositories in DEFAULT mode. 
2024-11-28 13:44:59 - INFO - o.s.d.r.config.RepositoryConfigurationExtensionSupport - 2024-11-28 13:44:59,122 - Spring Data Redis - Could not safely identify store assignment for repository candidate interface com.example.generateurformulaire.AppUser.UserRepository; If you want this repository to be a Redis repository, consider annotating your entities with one of these annotations: org.springframework.data.redis.core.RedisHash (preferred), or consider extending one of the following types with your repository: org.springframework.data.keyvalue.repository.KeyValueRepository 
2024-11-28 13:44:59 - INFO - o.s.d.r.config.RepositoryConfigurationExtensionSupport - 2024-11-28 13:44:59,123 - Spring Data Redis - Could not safely identify store assignment for repository candidate interface com.example.generateurformulaire.auth.Repositories.JwtRefreshTokenRepository; If you want this repository to be a Redis repository, consider annotating your entities with one of these annotations: org.springframework.data.redis.core.RedisHash (preferred), or consider extending one of the following types with your repository: org.springframework.data.keyvalue.repository.KeyValueRepository 
2024-11-28 13:44:59 - INFO - o.s.d.r.config.RepositoryConfigurationExtensionSupport - 2024-11-28 13:44:59,123 - Spring Data Redis - Could not safely identify store assignment for repository candidate interface com.example.generateurformulaire.auth.Repositories.PasswordResetTokenRepository; If you want this repository to be a Redis repository, consider annotating your entities with one of these annotations: org.springframework.data.redis.core.RedisHash (preferred), or consider extending one of the following types with your repository: org.springframework.data.keyvalue.repository.KeyValueRepository 
2024-11-28 13:44:59 - INFO - o.s.d.r.config.RepositoryConfigurationExtensionSupport - 2024-11-28 13:44:59,123 - Spring Data Redis - Could not safely identify store assignment for repository candidate interface com.example.generateurformulaire.repository.AnswerRepository; If you want this repository to be a Redis repository, consider annotating your entities with one of these annotations: org.springframework.data.redis.core.RedisHash (preferred), or consider extending one of the following types with your repository: org.springframework.data.keyvalue.repository.KeyValueRepository 
2024-11-28 13:44:59 - INFO - o.s.d.r.config.RepositoryConfigurationExtensionSupport - 2024-11-28 13:44:59,124 - Spring Data Redis - Could not safely identify store assignment for repository candidate interface com.example.generateurformulaire.repository.CommentRepository; If you want this repository to be a Redis repository, consider annotating your entities with one of these annotations: org.springframework.data.redis.core.RedisHash (preferred), or consider extending one of the following types with your repository: org.springframework.data.keyvalue.repository.KeyValueRepository 
2024-11-28 13:44:59 - INFO - o.s.d.r.config.RepositoryConfigurationExtensionSupport - 2024-11-28 13:44:59,125 - Spring Data Redis - Could not safely identify store assignment for repository candidate interface com.example.generateurformulaire.repository.ConfigRepository; If you want this repository to be a Redis repository, consider annotating your entities with one of these annotations: org.springframework.data.redis.core.RedisHash (preferred), or consider extending one of the following types with your repository: org.springframework.data.keyvalue.repository.KeyValueRepository 
2024-11-28 13:44:59 - INFO - o.s.d.r.config.RepositoryConfigurationExtensionSupport - 2024-11-28 13:44:59,125 - Spring Data Redis - Could not safely identify store assignment for repository candidate interface com.example.generateurformulaire.repository.FormRepository; If you want this repository to be a Redis repository, consider annotating your entities with one of these annotations: org.springframework.data.redis.core.RedisHash (preferred), or consider extending one of the following types with your repository: org.springframework.data.keyvalue.repository.KeyValueRepository 
2024-11-28 13:44:59 - INFO - o.s.d.r.config.RepositoryConfigurationExtensionSupport - 2024-11-28 13:44:59,125 - Spring Data Redis - Could not safely identify store assignment for repository candidate interface com.example.generateurformulaire.repository.InputRepository; If you want this repository to be a Redis repository, consider annotating your entities with one of these annotations: org.springframework.data.redis.core.RedisHash (preferred), or consider extending one of the following types with your repository: org.springframework.data.keyvalue.repository.KeyValueRepository 
2024-11-28 13:44:59 - INFO - o.s.d.r.config.RepositoryConfigurationExtensionSupport - 2024-11-28 13:44:59,125 - Spring Data Redis - Could not safely identify store assignment for repository candidate interface com.example.generateurformulaire.repository.LikeDislikeRepository; If you want this repository to be a Redis repository, consider annotating your entities with one of these annotations: org.springframework.data.redis.core.RedisHash (preferred), or consider extending one of the following types with your repository: org.springframework.data.keyvalue.repository.KeyValueRepository 
2024-11-28 13:44:59 - INFO - o.s.d.r.config.RepositoryConfigurationExtensionSupport - 2024-11-28 13:44:59,126 - Spring Data Redis - Could not safely identify store assignment for repository candidate interface com.example.generateurformulaire.repository.MediaRepository; If you want this repository to be a Redis repository, consider annotating your entities with one of these annotations: org.springframework.data.redis.core.RedisHash (preferred), or consider extending one of the following types with your repository: org.springframework.data.keyvalue.repository.KeyValueRepository 
2024-11-28 13:44:59 - INFO - o.s.d.r.config.RepositoryConfigurationExtensionSupport - 2024-11-28 13:44:59,126 - Spring Data Redis - Could not safely identify store assignment for repository candidate interface com.example.generateurformulaire.repository.OptionsRepository; If you want this repository to be a Redis repository, consider annotating your entities with one of these annotations: org.springframework.data.redis.core.RedisHash (preferred), or consider extending one of the following types with your repository: org.springframework.data.keyvalue.repository.KeyValueRepository 
2024-11-28 13:44:59 - INFO - o.s.d.r.config.RepositoryConfigurationExtensionSupport - 2024-11-28 13:44:59,126 - Spring Data Redis - Could not safely identify store assignment for repository candidate interface com.example.generateurformulaire.repository.QuestionRepository; If you want this repository to be a Redis repository, consider annotating your entities with one of these annotations: org.springframework.data.redis.core.RedisHash (preferred), or consider extending one of the following types with your repository: org.springframework.data.keyvalue.repository.KeyValueRepository 
2024-11-28 13:44:59 - INFO - o.s.d.r.config.RepositoryConfigurationExtensionSupport - 2024-11-28 13:44:59,126 - Spring Data Redis - Could not safely identify store assignment for repository candidate interface com.example.generateurformulaire.repository.StepRepository; If you want this repository to be a Redis repository, consider annotating your entities with one of these annotations: org.springframework.data.redis.core.RedisHash (preferred), or consider extending one of the following types with your repository: org.springframework.data.keyvalue.repository.KeyValueRepository 
2024-11-28 13:44:59 - INFO - o.s.d.r.config.RepositoryConfigurationExtensionSupport - 2024-11-28 13:44:59,126 - Spring Data Redis - Could not safely identify store assignment for repository candidate interface com.example.generateurformulaire.repository.SubmissionRepository; If you want this repository to be a Redis repository, consider annotating your entities with one of these annotations: org.springframework.data.redis.core.RedisHash (preferred), or consider extending one of the following types with your repository: org.springframework.data.keyvalue.repository.KeyValueRepository 
2024-11-28 13:44:59 - INFO - o.s.data.repository.config.RepositoryConfigurationDelegate - 2024-11-28 13:44:59,126 - Finished Spring Data repository scanning in 14 ms. Found 0 Redis repository interfaces. 
2024-11-28 13:45:00 - INFO - org.hibernate.jpa.internal.util.LogHelper - 2024-11-28 13:45:00,333 - HHH000204: Processing PersistenceUnitInfo [name: default] 
2024-11-28 13:45:00 - INFO - org.hibernate.Version - 2024-11-28 13:45:00,501 - HHH000412: Hibernate ORM core version 6.4.4.Final 
2024-11-28 13:45:00 - INFO - org.hibernate.cache.internal.RegionFactoryInitiator - 2024-11-28 13:45:00,622 - HHH000026: Second-level cache disabled 
2024-11-28 13:45:01 - INFO - o.s.orm.jpa.persistenceunit.SpringPersistenceUnitInfo - 2024-11-28 13:45:01,252 - No LoadTimeWeaver setup: ignoring JPA class transformer 
2024-11-28 13:45:01 - INFO - com.zaxxer.hikari.HikariDataSource - 2024-11-28 13:45:01,314 - HikariPool-1 - Starting... 
2024-11-28 13:45:01 - INFO - com.zaxxer.hikari.pool.HikariPool - 2024-11-28 13:45:01,557 - HikariPool-1 - Added connection com.mysql.cj.jdbc.ConnectionImpl@49d543a9 
2024-11-28 13:45:01 - INFO - com.zaxxer.hikari.HikariDataSource - 2024-11-28 13:45:01,568 - HikariPool-1 - Start completed. 
2024-11-28 13:45:01 - WARN - org.hibernate.dialect.Dialect - 2024-11-28 13:45:01,609 - HHH000511: The 5.5.0 version for [org.hibernate.dialect.MySQLDialect] is no longer supported, hence certain features may not work properly. The minimum supported version is 8.0.0. Check the community dialects project for available legacy versions. 
2024-11-28 13:45:01 - WARN - org.hibernate.orm.deprecation - 2024-11-28 13:45:01,613 - HHH90000025: MySQLDialect does not need to be specified explicitly using 'hibernate.dialect' (remove the property setting and it will be selected by default) 
2024-11-28 13:45:02 - INFO - o.h.e.transaction.jta.platform.internal.JtaPlatformInitiator - 2024-11-28 13:45:02,710 - HHH000489: No JTA platform available (set 'hibernate.transaction.jta.platform' to enable JTA platform integration) 
2024-11-28 13:45:02 - INFO - o.s.orm.jpa.LocalContainerEntityManagerFactoryBean - 2024-11-28 13:45:02,827 - Initialized JPA EntityManagerFactory for persistence unit 'default' 
2024-11-28 13:45:03 - INFO - o.s.data.jpa.repository.query.QueryEnhancerFactory - 2024-11-28 13:45:03,171 - JSqlParser is in classpath; If applicable, JSqlParser will be used 
2024-11-28 13:45:03 - INFO - o.s.data.jpa.repository.query.QueryEnhancerFactory - 2024-11-28 13:45:03,171 - Hibernate is in classpath; If applicable, HQL parser will be used. 
2024-11-28 13:45:04 - WARN - o.s.b.a.orm.jpa.JpaBaseConfiguration$JpaWebConfiguration - 2024-11-28 13:45:04,305 - spring.jpa.open-in-view is enabled by default. Therefore, database queries may be performed during view rendering. Explicitly configure spring.jpa.open-in-view to disable this warning 
2024-11-28 13:45:05 - INFO - org.springframework.security.web.DefaultSecurityFilterChain - 2024-11-28 13:45:05,441 - Will secure any request with [org.springframework.security.web.session.DisableEncodeUrlFilter@24f6375b, org.springframework.security.web.context.request.async.WebAsyncManagerIntegrationFilter@3f6f5e03, org.springframework.security.web.context.SecurityContextHolderFilter@3026d4cd, org.springframework.security.web.header.HeaderWriterFilter@1bc90b56, org.springframework.web.filter.CorsFilter@122ff251, org.springframework.security.web.authentication.logout.LogoutFilter@698af960, com.example.generateurformulaire.security.jwt.JwtAuthorizationFilter@5ea4abef, org.springframework.security.web.savedrequest.RequestCacheAwareFilter@520d0137, org.springframework.security.web.servletapi.SecurityContextHolderAwareRequestFilter@73eed7b0, org.springframework.security.web.authentication.AnonymousAuthenticationFilter@438fc55e, org.springframework.security.web.session.SessionManagementFilter@14bc9fe3, org.springframework.security.web.access.ExceptionTranslationFilter@2cdd3638, org.springframework.security.web.access.intercept.AuthorizationFilter@623f27a9] 
2024-11-28 13:45:06 - WARN - o.s.b.autoconfigure.freemarker.FreeMarkerAutoConfiguration - 2024-11-28 13:45:06,167 - Cannot find template location(s): [classpath:/templates/] (please add some templates, check your FreeMarker configuration, or set spring.freemarker.check-template-location=false) 
2024-11-28 13:45:06 - INFO - c.e.g.GenerateurForlulaireApplicationTests - 2024-11-28 13:45:06,214 - Started GenerateurForlulaireApplicationTests in 9.672 seconds (process running for 10.686) 
]]></system-out>
  </testcase>
</testsuite>